2025-08-18 08:27:48,658 - INFO - === Starting Australian Government News Fetch ===
2025-08-18 08:27:48,677 - INFO - Loaded 12 sources from /home/runner/work/News-app-V1/News-app-V1/sources.yaml
2025-08-18 08:27:48,677 - INFO - Loaded cache with 31 entries
2025-08-18 08:27:48,677 - INFO - Loaded 12 sources; cache entries: 31
2025-08-18 08:27:48,677 - INFO - Processing source: Digital Transformation Agency
2025-08-18 08:32:33,610 - ERROR - Source processing failed for Digital Transformation Agency: RemoteDisconnected: Remote end closed connection without response
2025-08-18 08:32:33,611 - WARNING - Source error for Digital Transformation Agency: RemoteDisconnected: Remote end closed connection without response
2025-08-18 08:32:33,611 - INFO - Processing source: Department of Finance
2025-08-18 08:32:54,001 - WARNING - Attempt 1 failed, retrying in 1s: HTTPSConnectionPool(host='www.finance.gov.au', port=443): Read timed out. (read timeout=20)
2025-08-18 08:33:15,739 - WARNING - Attempt 2 failed, retrying in 2s: HTTPSConnectionPool(host='www.finance.gov.au', port=443): Read timed out. (read timeout=20)
2025-08-18 08:33:38,243 - ERROR - Failed after 3 attempts: HTTPSConnectionPool(host='www.finance.gov.au', port=443): Read timed out. (read timeout=20)
2025-08-18 08:33:38,243 - ERROR - Source processing failed for Department of Finance: ReadTimeout: HTTPSConnectionPool(host='www.finance.gov.au', port=443): Read timed out. (read timeout=20)
2025-08-18 08:33:38,244 - WARNING - Source error for Department of Finance: ReadTimeout: HTTPSConnectionPool(host='www.finance.gov.au', port=443): Read timed out. (read timeout=20)
2025-08-18 08:33:38,244 - INFO - Processing source: Department of Health and Aged Care
2025-08-18 08:33:58,897 - WARNING - Attempt 1 failed, retrying in 1s: HTTPSConnectionPool(host='www.health.gov.au', port=443): Read timed out. (read timeout=20)
2025-08-18 08:34:20,500 - WARNING - Attempt 2 failed, retrying in 2s: HTTPSConnectionPool(host='www.health.gov.au', port=443): Read timed out. (read timeout=20)
2025-08-18 08:34:42,534 - ERROR - Failed after 3 attempts: HTTPSConnectionPool(host='www.health.gov.au', port=443): Read timed out. (read timeout=20)
2025-08-18 08:34:42,534 - ERROR - Source processing failed for Department of Health and Aged Care: ReadTimeout: HTTPSConnectionPool(host='www.health.gov.au', port=443): Read timed out. (read timeout=20)
2025-08-18 08:34:42,534 - WARNING - Source error for Department of Health and Aged Care: ReadTimeout: HTTPSConnectionPool(host='www.health.gov.au', port=443): Read timed out. (read timeout=20)
2025-08-18 08:34:42,535 - INFO - Processing source: Border Force
2025-08-18 08:34:42,874 - INFO - Scraped 31 items from HTML for Border Force
2025-08-18 08:34:42,874 - INFO - Processing source: Department of Climate Change, Energy, the Environment and Water
2025-08-18 08:35:03,505 - WARNING - Attempt 1 failed, retrying in 1s: HTTPSConnectionPool(host='www.dcceew.gov.au', port=443): Read timed out. (read timeout=20)
2025-08-18 08:35:25,175 - WARNING - Attempt 2 failed, retrying in 2s: HTTPSConnectionPool(host='www.dcceew.gov.au', port=443): Read timed out. (read timeout=20)
2025-08-18 08:35:47,569 - ERROR - Failed after 3 attempts: HTTPSConnectionPool(host='www.dcceew.gov.au', port=443): Read timed out. (read timeout=20)
2025-08-18 08:35:47,569 - ERROR - Source processing failed for Department of Climate Change, Energy, the Environment and Water: ReadTimeout: HTTPSConnectionPool(host='www.dcceew.gov.au', port=443): Read timed out. (read timeout=20)
2025-08-18 08:35:47,569 - WARNING - Source error for Department of Climate Change, Energy, the Environment and Water: ReadTimeout: HTTPSConnectionPool(host='www.dcceew.gov.au', port=443): Read timed out. (read timeout=20)
2025-08-18 08:35:47,569 - INFO - Processing source: Department of Infrastructure, Transport, Regional Development, Communications and the Arts
2025-08-18 08:36:07,915 - WARNING - Attempt 1 failed, retrying in 1s: HTTPSConnectionPool(host='www.infrastructure.gov.au', port=443): Read timed out. (read timeout=20)
2025-08-18 08:36:29,497 - WARNING - Attempt 2 failed, retrying in 2s: HTTPSConnectionPool(host='www.infrastructure.gov.au', port=443): Read timed out. (read timeout=20)
2025-08-18 08:36:52,059 - ERROR - Failed after 3 attempts: HTTPSConnectionPool(host='www.infrastructure.gov.au', port=443): Read timed out. (read timeout=20)
2025-08-18 08:36:52,059 - ERROR - Source processing failed for Department of Infrastructure, Transport, Regional Development, Communications and the Arts: ReadTimeout: HTTPSConnectionPool(host='www.infrastructure.gov.au', port=443): Read timed out. (read timeout=20)
2025-08-18 08:36:52,059 - WARNING - Source error for Department of Infrastructure, Transport, Regional Development, Communications and the Arts: ReadTimeout: HTTPSConnectionPool(host='www.infrastructure.gov.au', port=443): Read timed out. (read timeout=20)
2025-08-18 08:36:52,059 - INFO - Processing source: Department of Education
2025-08-18 08:37:12,457 - WARNING - Attempt 1 failed, retrying in 1s: HTTPSConnectionPool(host='www.education.gov.au', port=443): Read timed out. (read timeout=20)
2025-08-18 08:37:33,853 - WARNING - Attempt 2 failed, retrying in 2s: HTTPSConnectionPool(host='www.education.gov.au', port=443): Read timed out. (read timeout=20)
2025-08-18 08:37:56,249 - ERROR - Failed after 3 attempts: HTTPSConnectionPool(host='www.education.gov.au', port=443): Read timed out. (read timeout=20)
2025-08-18 08:37:56,249 - ERROR - Source processing failed for Department of Education: ReadTimeout: HTTPSConnectionPool(host='www.education.gov.au', port=443): Read timed out. (read timeout=20)
2025-08-18 08:37:56,249 - WARNING - Source error for Department of Education: ReadTimeout: HTTPSConnectionPool(host='www.education.gov.au', port=443): Read timed out. (read timeout=20)
2025-08-18 08:37:56,249 - INFO - Processing source: Department of Employment and Workplace Relations
2025-08-18 08:38:16,539 - WARNING - Attempt 1 failed, retrying in 1s: HTTPSConnectionPool(host='www.dewr.gov.au', port=443): Read timed out. (read timeout=20)
2025-08-18 08:38:37,773 - WARNING - Attempt 2 failed, retrying in 2s: HTTPSConnectionPool(host='www.dewr.gov.au', port=443): Read timed out. (read timeout=20)
2025-08-18 08:39:00,169 - ERROR - Failed after 3 attempts: HTTPSConnectionPool(host='www.dewr.gov.au', port=443): Read timed out. (read timeout=20)
2025-08-18 08:39:00,169 - ERROR - Source processing failed for Department of Employment and Workplace Relations: ReadTimeout: HTTPSConnectionPool(host='www.dewr.gov.au', port=443): Read timed out. (read timeout=20)
2025-08-18 08:39:00,169 - WARNING - Source error for Department of Employment and Workplace Relations: ReadTimeout: HTTPSConnectionPool(host='www.dewr.gov.au', port=443): Read timed out. (read timeout=20)
2025-08-18 08:39:00,169 - INFO - Processing source: Department of Social Services
2025-08-18 08:39:20,573 - WARNING - Attempt 1 failed, retrying in 1s: HTTPSConnectionPool(host='www.dss.gov.au', port=443): Read timed out. (read timeout=20)
2025-08-18 08:39:41,966 - WARNING - Attempt 2 failed, retrying in 2s: HTTPSConnectionPool(host='www.dss.gov.au', port=443): Read timed out. (read timeout=20)
2025-08-18 08:40:04,174 - ERROR - Failed after 3 attempts: HTTPSConnectionPool(host='www.dss.gov.au', port=443): Read timed out. (read timeout=20)
2025-08-18 08:40:04,174 - ERROR - Source processing failed for Department of Social Services: ReadTimeout: HTTPSConnectionPool(host='www.dss.gov.au', port=443): Read timed out. (read timeout=20)
2025-08-18 08:40:04,174 - WARNING - Source error for Department of Social Services: ReadTimeout: HTTPSConnectionPool(host='www.dss.gov.au', port=443): Read timed out. (read timeout=20)
2025-08-18 08:40:04,174 - INFO - Processing source: Australian Taxation Office
2025-08-18 08:40:04,218 - ERROR - Source processing failed for Australian Taxation Office: HTTPError: 403 Client Error: Forbidden for url: https://www.ato.gov.au/Media-centre/
2025-08-18 08:40:04,218 - WARNING - Source error for Australian Taxation Office: HTTPError: 403 Client Error: Forbidden for url: https://www.ato.gov.au/Media-centre/
2025-08-18 08:40:04,218 - INFO - Processing source: Australian Securities & Investments Commission (ASIC)
2025-08-18 08:40:04,953 - INFO - Scraped 20 items from HTML for Australian Securities & Investments Commission (ASIC)
2025-08-18 08:40:04,953 - INFO - Processing source: Australian Competition & Consumer Commission (ACCC)
2025-08-18 08:40:06,208 - ERROR - Source processing failed for Australian Competition & Consumer Commission (ACCC): HTTPError: 404 Client Error: Not Found for url: https://www.accc.gov.au/media/media-releases
2025-08-18 08:40:06,208 - WARNING - Source error for Australian Competition & Consumer Commission (ACCC): HTTPError: 404 Client Error: Not Found for url: https://www.accc.gov.au/media/media-releases
2025-08-18 08:40:06,209 - INFO - After deduplication: 41 items
2025-08-18 08:40:06,209 - INFO - After filtering (last 24h + undated): 41 items
2025-08-18 08:40:07,864 - INFO - Cache hits: 31, New fetches needed: 3
2025-08-18 08:40:07,864 - INFO - Starting parallel content fetch for 3 URLs
2025-08-18 08:40:08,186 - WARNING - Attempt 1 failed, retrying in 1s: HTTPSConnectionPool(host='www.ccf.customs.gov.au', port=443): Max retries exceeded with url: / (Caused by SSLError(SSLError(1, '[SSL: SSLV3_ALERT_HANDSHAKE_FAILURE] sslv3 alert handshake failure (_ssl.c:1016)')))
2025-08-18 08:40:09,613 - WARNING - Attempt 2 failed, retrying in 2s: HTTPSConnectionPool(host='www.ccf.customs.gov.au', port=443): Max retries exceeded with url: / (Caused by SSLError(SSLError(1, '[SSL: SSLV3_ALERT_HANDSHAKE_FAILURE] sslv3 alert handshake failure (_ssl.c:1016)')))
2025-08-18 08:40:11,925 - ERROR - Failed after 3 attempts: HTTPSConnectionPool(host='www.ccf.customs.gov.au', port=443): Max retries exceeded with url: / (Caused by SSLError(SSLError(1, '[SSL: SSLV3_ALERT_HANDSHAKE_FAILURE] sslv3 alert handshake failure (_ssl.c:1016)')))
2025-08-18 08:40:11,926 - WARNING - Content fetch failed for https://www.ccf.customs.gov.au/: SSLError: HTTPSConnectionPool(host='www.ccf.customs.gov.au', port=443): Max retries exceeded with url: / (Caused by SSLError(SSLError(1, '[SSL: SSLV3_ALERT_HANDSHAKE_FAILURE] sslv3 alert handshake failure (_ssl.c:1016)')))
2025-08-18 08:40:11,930 - INFO - Performance stats: {'articles_collected': 41, 'cache_entries': 31, 'errors': 11, 'execution_time': 743.27}
2025-08-18 08:40:11,930 - INFO - Wrote 41 items → /home/runner/work/News-app-V1/News-app-V1/web/data/latest.json
